2021-04-05 15:29:35,517:INFO:Succesfully deleted 60 SUPERPIXEL images.
2021-04-05 15:29:56,826:INFO:Succesfully augmented 60 images.
2021-04-05 15:41:14,691:INFO:Succesfully deleted 67 SUPERPIXEL images.
2021-04-05 15:46:24,214:INFO:Succesfully deleted 67 SUPERPIXEL images.
2021-04-05 15:53:04,627:INFO:Succesfully deleted 67 SUPERPIXEL images.
2021-04-05 15:58:14,737:INFO:Succesfully deleted 60 SUPERPIXEL images.
2021-04-05 16:01:30,138:INFO:Succesfully deleted 60 SUPERPIXEL images.
2021-04-05 16:02:33,021:INFO:Succesfully deleted 60 SUPERPIXEL images.
2021-04-05 16:03:09,487:INFO:Succesfully deleted 0 SUPERPIXEL images.
2021-04-05 16:05:10,450:INFO:Succesfully deleted 0 SUPERPIXEL images.
2021-04-05 16:07:40,645:INFO:Succesfully deleted 60 SUPERPIXEL images.
2021-04-05 16:08:46,257:INFO:Succesfully deleted 0 SUPERPIXEL images.
2021-04-05 16:11:38,328:INFO:Succesfully deleted 60 SUPERPIXEL images.
2021-04-05 16:13:00,644:INFO:Succesfully deleted 60 SUPERPIXEL images.
2021-04-05 16:19:01,174:INFO:Succesfully deleted 0 SUPERPIXEL images.
2021-04-05 16:20:44,048:INFO:Succesfully deleted 60 SUPERPIXEL images.
2021-04-05 16:22:36,969:INFO:Succesfully augmented 60 images.
2021-04-05 16:23:04,458:INFO:Resized 36 Train images.
2021-04-05 16:23:08,148:INFO:Resized 45 Test images.
2021-04-05 16:23:16,973:INFO:Successfully turned 122 images to GrayScale.
2021-04-05 17:19:19,694:INFO:Succesfully deleted 0 SUPERPIXEL images.
2021-04-05 17:19:56,837:INFO:Succesfully deleted 60 SUPERPIXEL images.
2021-04-05 17:21:53,211:INFO:Succesfully augmented 60 images.
2021-04-05 17:22:22,073:INFO:Resized 36 Train images.
2021-04-05 17:22:25,764:INFO:Resized 45 Test images.
2021-04-05 17:22:35,174:INFO:Successfully turned 128 images to GrayScale.
2021-04-05 18:40:49,462:INFO:Succesfully deleted 60 SUPERPIXEL images.
2021-04-05 18:42:38,589:INFO:Succesfully augmented 60 images.
2021-04-05 18:43:04,836:INFO:Resized 36 Train images.
2021-04-05 18:43:08,427:INFO:Resized 45 Test images.
2021-04-05 18:43:16,988:INFO:Successfully turned 118 images to GrayScale.
2021-04-05 18:48:57,334:INFO:Succesfully deleted 60 SUPERPIXEL images.
2021-04-05 18:50:40,592:INFO:Succesfully augmented 60 images.
2021-04-05 18:51:04,304:INFO:Resized 36 Train images.
2021-04-05 18:51:07,826:INFO:Resized 45 Test images.
2021-04-05 18:51:15,685:INFO:Successfully turned 112 images to GrayScale.
2021-04-05 18:57:47,371:INFO:Succesfully deleted 60 SUPERPIXEL images.
2021-04-05 18:59:35,182:INFO:Succesfully augmented 60 images.
2021-04-05 18:59:59,835:INFO:Resized 36 Train images.
2021-04-05 19:00:03,486:INFO:Resized 45 Masks images.
2021-04-05 19:00:11,669:INFO:Successfully turned 112 images to GrayScale.
2021-04-05 19:08:22,478:INFO:Succesfully deleted 60 SUPERPIXEL images.
2021-04-05 19:11:02,041:INFO:Succesfully augmented 60 images.
2021-04-05 19:11:42,350:INFO:Resized 36 Train images.
2021-04-05 19:11:48,993:INFO:Resized 45 Masks images.
2021-04-05 19:12:01,697:INFO:Successfully turned 128 images to GrayScale.
2021-04-05 19:15:04,690:INFO:Succesfully deleted 60 SUPERPIXEL images.
2021-04-05 19:17:47,347:INFO:Succesfully augmented 60 images.
2021-04-05 19:18:28,670:INFO:Resized 36 Train images.
2021-04-05 19:18:33,563:INFO:Resized 45 Masks images.
2021-04-05 19:18:45,781:INFO:Successfully turned 124 images to GrayScale.
2021-04-05 19:22:26,313:INFO:Succesfully deleted 37 SUPERPIXEL images.
2021-04-05 19:23:36,807:INFO:Succesfully augmented 37 images.
2021-04-05 19:23:54,538:INFO:Resized 36 Train images.
2021-04-05 19:23:56,828:INFO:Resized 45 Masks images.
2021-04-05 19:24:02,630:INFO:Successfully turned 76 images to GrayScale.
2021-04-05 19:31:21,025:INFO:Succesfully deleted 60 SUPERPIXEL images.
2021-04-05 19:34:25,990:INFO:Succesfully deleted 60 SUPERPIXEL images.
2021-04-05 19:36:35,998:INFO:Succesfully deleted 60 SUPERPIXEL images.
2021-04-05 19:39:26,873:INFO:Succesfully deleted 60 SUPERPIXEL images.
2021-04-05 19:48:42,375:INFO:Succesfully deleted 60 SUPERPIXEL images.
2021-04-05 19:51:11,742:INFO:Succesfully deleted 60 SUPERPIXEL images.
2021-04-05 19:53:04,954:INFO:Succesfully augmented 60 images.
2021-04-05 19:53:32,137:INFO:Resized 36 Train images.
2021-04-05 19:53:36,040:INFO:Resized 45 Masks images.
2021-04-05 19:53:44,986:INFO:Successfully turned 122 images to GrayScale.
2021-04-05 19:59:41,439:INFO:Succesfully deleted 37 SUPERPIXEL images.
2021-04-05 20:00:49,172:INFO:Succesfully augmented 37 images.
2021-04-05 20:01:06,344:INFO:Resized 36 Train images.
2021-04-05 20:01:08,557:INFO:Resized 45 Masks images.
2021-04-05 20:01:14,304:INFO:Successfully turned 80 images to GrayScale.
2021-04-05 20:04:43,408:INFO:Succesfully deleted 60 SUPERPIXEL images.
2021-04-05 20:07:03,784:INFO:Succesfully deleted 0 SUPERPIXEL images.
2021-04-05 20:07:55,068:INFO:Succesfully deleted 37 SUPERPIXEL images.
2021-04-05 20:09:38,894:INFO:Succesfully augmented 37 images.
2021-04-05 20:09:55,617:INFO:Resized 36 Train images.
2021-04-05 20:09:57,822:INFO:Resized 45 Masks images.
2021-04-05 20:10:03,331:INFO:Successfully turned 80 images to GrayScale.
2021-04-05 21:29:50,943:INFO:Succesfully deleted 60 SUPERPIXEL images.
2021-04-05 21:31:56,744:INFO:Succesfully deleted 37 SUPERPIXEL images.
2021-04-05 21:33:52,874:INFO:Succesfully deleted 37 SUPERPIXEL images.
2021-04-05 21:42:10,053:INFO:Succesfully deleted 37 SUPERPIXEL images.
2021-04-05 21:44:06,737:INFO:Succesfully deleted 37 SUPERPIXEL images.
2021-04-05 21:46:09,237:INFO:Succesfully deleted 37 SUPERPIXEL images.
2021-04-05 21:46:42,956:INFO:Succesfully augmented 37 images.
2021-04-05 21:47:46,901:INFO:Succesfully deleted 37 SUPERPIXEL images.
2021-04-05 21:48:22,473:INFO:Succesfully augmented 37 images.
2021-04-05 21:50:23,628:INFO:Succesfully deleted 37 SUPERPIXEL images.
2021-04-05 21:51:35,279:INFO:Succesfully augmented 37 images.
2021-04-05 22:18:39,046:INFO:Succesfully deleted 37 SUPERPIXEL images.
2021-04-05 22:19:27,717:INFO:Succesfully augmented 37 images.
2021-04-05 22:19:50,266:INFO:Resized 36 Train images.
2021-04-05 22:19:51,777:INFO:Resized 45 Masks images.
2021-04-05 22:20:00,027:INFO:Successfully turned 126 images to GrayScale.
2021-04-05 22:29:25,654:INFO:Succesfully deleted 37 SUPERPIXEL images.
2021-04-05 22:30:06,992:INFO:Succesfully augmented 37 images.
2021-04-05 22:30:23,783:INFO:Resized 36 Train images.
2021-04-05 22:30:25,498:INFO:Resized 45 Masks images.
2021-04-05 22:30:31,624:INFO:Successfully turned 87 images to GrayScale.
2021-04-05 22:38:17,873:INFO:Succesfully deleted 60 SUPERPIXEL images.
2021-04-05 22:39:21,082:INFO:Succesfully deleted 60 SUPERPIXEL images.
2021-04-05 22:42:04,623:INFO:Succesfully deleted 0 SUPERPIXEL images.
2021-04-05 22:43:05,849:INFO:Succesfully deleted 0 SUPERPIXEL images.
2021-04-05 22:44:13,306:INFO:Succesfully deleted 2000 SUPERPIXEL images.
2021-04-05 22:47:50,230:INFO:Succesfully deleted 0 SUPERPIXEL images.
2021-04-05 22:50:28,928:INFO:Succesfully deleted 0 SUPERPIXEL images.
2021-04-05 22:53:47,036:INFO:Succesfully deleted 0 SUPERPIXEL images.
2021-04-05 22:55:01,905:INFO:Succesfully deleted 0 SUPERPIXEL images.
2021-04-05 22:56:30,851:INFO:Succesfully deleted 0 SUPERPIXEL images.
2021-04-05 22:58:02,122:INFO:Succesfully deleted 0 SUPERPIXEL images.
2021-04-05 22:59:18,250:INFO:Succesfully deleted 0 SUPERPIXEL images.
2021-04-05 23:00:44,560:INFO:Succesfully deleted 0 SUPERPIXEL images.
2021-04-05 23:04:28,955:INFO:Succesfully deleted 0 SUPERPIXEL images.
2021-04-05 23:05:53,309:INFO:Succesfully deleted 0 SUPERPIXEL images.
2021-04-06 05:29:40,581:INFO:Succesfully augmented 2000 images.
2021-04-06 06:15:33,293:INFO:Resized 30 Train images.
2021-04-06 06:20:55,341:INFO:Resized 39 Masks images.
2021-04-06 06:27:29,550:INFO:Successfully turned 4319 images to GrayScale.
2021-04-06 10:58:57,086:INFO:Succesfully deleted 60 SUPERPIXEL images.
2021-04-06 11:00:08,699:INFO:Succesfully deleted 0 SUPERPIXEL images.
2021-04-06 11:00:41,277:INFO:Succesfully deleted 0 SUPERPIXEL images.
2021-04-06 11:07:41,476:INFO:Succesfully deleted 37 SUPERPIXEL images.
2021-04-06 11:08:42,493:INFO:Succesfully augmented 37 images.
2021-04-06 11:09:04,688:INFO:Resized 36 Train images.
2021-04-06 11:09:07,007:INFO:Resized 45 Masks images.
2021-04-06 11:09:14,674:INFO:Successfully turned 89 images to GrayScale.
2021-04-06 11:22:36,661:INFO:Succesfully deleted 37 SUPERPIXEL images.
2021-04-06 11:23:32,533:INFO:Succesfully augmented 37 images.
2021-04-06 11:23:41,126:INFO:Resized 36 Train images.
2021-04-06 11:23:42,435:INFO:Resized 45 Masks images.
2021-04-06 11:23:43,812:INFO:Successfully turned 84 images to GrayScale.
2021-04-06 15:17:01,157:WARNING:Can save best model only with val_competition_metric available, skipping.
2021-04-06 15:17:21,555:WARNING:Can save best model only with val_competition_metric available, skipping.
2021-04-06 15:17:42,105:WARNING:Can save best model only with val_competition_metric available, skipping.
2021-04-06 15:18:02,690:WARNING:Can save best model only with val_competition_metric available, skipping.
2021-04-06 15:18:23,354:WARNING:Can save best model only with val_competition_metric available, skipping.
2021-04-06 15:21:38,665:WARNING:Can save best model only with val_competition_metric available, skipping.
2021-04-06 15:21:57,793:WARNING:Can save best model only with val_competition_metric available, skipping.
2021-04-06 15:22:16,402:WARNING:Can save best model only with val_competition_metric available, skipping.
2021-04-06 15:22:35,359:WARNING:Can save best model only with val_competition_metric available, skipping.
2021-04-06 15:22:55,159:WARNING:Can save best model only with val_competition_metric available, skipping.
2021-04-06 15:35:44,056:WARNING:Can save best model only with val_competition_metric available, skipping.
2021-04-06 15:36:03,578:WARNING:Can save best model only with val_competition_metric available, skipping.
2021-04-06 15:36:22,724:WARNING:Can save best model only with val_competition_metric available, skipping.
2021-04-06 15:36:41,802:WARNING:Can save best model only with val_competition_metric available, skipping.
2021-04-06 15:37:00,914:WARNING:Can save best model only with val_competition_metric available, skipping.
2021-04-06 15:45:59,548:WARNING:Can save best model only with val_competition_metric available, skipping.
2021-04-06 15:46:18,099:WARNING:Can save best model only with val_competition_metric available, skipping.
2021-04-06 15:46:36,797:WARNING:Can save best model only with val_competition_metric available, skipping.
2021-04-06 15:46:55,524:WARNING:Can save best model only with val_competition_metric available, skipping.
2021-04-06 15:47:14,350:WARNING:Can save best model only with val_competition_metric available, skipping.
2021-04-06 15:53:43,288:WARNING:Can save best model only with val_competition_metric available, skipping.
2021-04-06 15:54:01,793:WARNING:Can save best model only with val_competition_metric available, skipping.
2021-04-06 15:54:20,521:WARNING:Can save best model only with val_competition_metric available, skipping.
2021-04-06 15:54:39,318:WARNING:Can save best model only with val_competition_metric available, skipping.
2021-04-06 15:54:58,148:WARNING:Can save best model only with val_competition_metric available, skipping.
2021-04-06 15:57:55,375:WARNING:Can save best model only with val_competition_metric available, skipping.
2021-04-06 15:58:13,962:WARNING:Can save best model only with val_competition_metric available, skipping.
2021-04-06 15:58:32,671:WARNING:Can save best model only with val_competition_metric available, skipping.
2021-04-06 15:58:51,444:WARNING:Can save best model only with val_competition_metric available, skipping.
2021-04-06 15:59:10,297:WARNING:Can save best model only with val_competition_metric available, skipping.
2021-04-06 16:06:25,393:WARNING:Can save best model only with val_competition_metric available, skipping.
2021-04-06 16:06:44,025:WARNING:Can save best model only with val_competition_metric available, skipping.
2021-04-06 16:07:02,682:WARNING:Can save best model only with val_competition_metric available, skipping.
2021-04-06 16:07:21,350:WARNING:Can save best model only with val_competition_metric available, skipping.
2021-04-06 16:07:40,432:WARNING:Can save best model only with val_competition_metric available, skipping.
2021-04-06 16:27:04,821:WARNING:Can save best model only with val_competition_metric available, skipping.
2021-04-06 16:27:25,436:WARNING:Can save best model only with val_competition_metric available, skipping.
2021-04-06 16:27:46,121:WARNING:Can save best model only with val_competition_metric available, skipping.
2021-04-06 16:28:06,745:WARNING:Can save best model only with val_competition_metric available, skipping.
2021-04-06 16:28:27,868:WARNING:Can save best model only with val_competition_metric available, skipping.
2021-04-06 16:34:50,709:WARNING:Can save best model only with val_competition_metric available, skipping.
2021-04-06 16:35:11,445:WARNING:Can save best model only with val_competition_metric available, skipping.
2021-04-06 16:35:32,887:WARNING:Can save best model only with val_competition_metric available, skipping.
2021-04-06 16:35:53,975:WARNING:Can save best model only with val_competition_metric available, skipping.
2021-04-06 16:36:14,900:WARNING:Can save best model only with val_competition_metric available, skipping.
2021-04-07 16:07:45,811:WARNING:Can save best model only with val_competition_metric available, skipping.
2021-04-07 16:08:05,552:WARNING:Can save best model only with val_competition_metric available, skipping.
2021-04-07 16:08:25,405:WARNING:Can save best model only with val_competition_metric available, skipping.
2021-04-07 16:08:45,402:WARNING:Can save best model only with val_competition_metric available, skipping.
2021-04-07 16:09:05,334:WARNING:Can save best model only with val_competition_metric available, skipping.
2021-04-07 16:14:40,138:WARNING:Can save best model only with val_competition_metric available, skipping.
2021-04-07 16:14:56,340:WARNING:Can save best model only with val_competition_metric available, skipping.
2021-04-07 16:15:12,811:WARNING:Can save best model only with val_competition_metric available, skipping.
2021-04-07 16:15:29,408:WARNING:Can save best model only with val_competition_metric available, skipping.
2021-04-07 16:15:45,993:WARNING:Can save best model only with val_competition_metric available, skipping.
2021-04-07 16:20:19,710:WARNING:Can save best model only with val_competition_metric available, skipping.
2021-04-07 16:20:35,999:WARNING:Can save best model only with val_competition_metric available, skipping.
2021-04-07 16:20:52,595:WARNING:Can save best model only with val_competition_metric available, skipping.
2021-04-07 16:21:09,250:WARNING:Can save best model only with val_competition_metric available, skipping.
2021-04-07 16:21:25,985:WARNING:Can save best model only with val_competition_metric available, skipping.
2021-04-07 16:36:06,014:WARNING:Can save best model only with val_competition_metric available, skipping.
2021-04-07 16:36:22,240:WARNING:Can save best model only with val_competition_metric available, skipping.
2021-04-07 16:36:38,744:WARNING:Can save best model only with val_competition_metric available, skipping.
2021-04-07 16:36:55,493:WARNING:Can save best model only with val_competition_metric available, skipping.
2021-04-07 16:37:12,179:WARNING:Can save best model only with val_competition_metric available, skipping.
2021-04-07 16:41:29,727:WARNING:Can save best model only with val_competition_metric available, skipping.
2021-04-07 16:41:44,436:WARNING:Can save best model only with val_competition_metric available, skipping.
2021-04-07 16:41:59,438:WARNING:Can save best model only with val_competition_metric available, skipping.
2021-04-07 16:42:14,608:WARNING:Can save best model only with val_competition_metric available, skipping.
2021-04-07 16:42:29,727:WARNING:Can save best model only with val_competition_metric available, skipping.
2021-04-07 16:50:04,457:WARNING:Can save best model only with val_competition_metric available, skipping.
2021-04-07 16:50:20,901:WARNING:Can save best model only with val_competition_metric available, skipping.
2021-04-07 16:50:37,610:WARNING:Can save best model only with val_competition_metric available, skipping.
2021-04-07 16:50:54,489:WARNING:Can save best model only with val_competition_metric available, skipping.
2021-04-07 16:51:11,290:WARNING:Can save best model only with val_competition_metric available, skipping.
2021-04-07 20:04:43,871:INFO:Succesfully deleted 37 SUPERPIXEL images.
2021-04-07 20:05:21,000:INFO:Succesfully augmented 37 images.
2021-04-07 20:05:34,643:INFO:Resized 40 Train images.
2021-04-07 20:05:36,271:INFO:Resized 49 Masks images.
2021-04-07 20:05:41,281:INFO:Successfully turned 86 images to GrayScale.
2021-04-07 20:08:28,888:INFO:Succesfully deleted 37 SUPERPIXEL images.
2021-04-07 20:09:06,559:INFO:Succesfully augmented 37 images.
2021-04-07 20:09:18,434:INFO:Resized 40 Train images.
2021-04-07 20:09:19,783:INFO:Resized 49 Masks images.
2021-04-07 20:09:23,751:INFO:Successfully turned 92 images to GrayScale.
2021-04-07 20:13:20,717:WARNING:Can save best model only with val_competition_metric available, skipping.
2021-04-07 20:14:49,654:WARNING:Can save best model only with val_competition_metric available, skipping.
2021-04-07 20:16:18,152:WARNING:Can save best model only with val_competition_metric available, skipping.
2021-04-07 20:17:46,689:WARNING:Can save best model only with val_competition_metric available, skipping.
2021-04-07 20:19:15,318:WARNING:Can save best model only with val_competition_metric available, skipping.
2021-04-07 20:19:22,946:INFO:Assets written to: model_version0\assets
2021-04-07 22:11:55,080:INFO:Succesfully deleted 0 SUPERPIXEL images.
2021-04-07 23:12:08,923:INFO:Succesfully augmented 2000 images.
2021-04-07 23:43:26,687:INFO:Resized 44 Train images.
2021-04-07 23:44:25,977:INFO:Resized 53 Masks images.
2021-04-07 23:44:41,212:INFO:Successfully turned 4302 images to GrayScale.
